Arguments: 
  /usr/local/bin/node /usr/local/Cellar/yarn/1.3.2/libexec/bin/yarn.js

PATH: 
  /Users/howard/.fastlane/bin:/usr/local/bin:/bin:/usr/sbin:/sbin:/usr/bin:/Users/howard/.fastlane/bin

Yarn version: 
  1.3.2

Node version: 
  8.9.4

Platform: 
  darwin x64

npm manifest: 
  {
    "name": "electron-updater-example",
    "version": "0.5.0",
    "main": "main.js",
    "description": "electron-updater example project",
    "author": "Matt Haggard",
    "scripts": {
      "publish": "build -p always"
    },
    "devDependencies": {
      "electron": "^1.7.9",
      "electron-builder": "^19.43.3"
    },
    "dependencies": {
      "electron-log": "^1.3.0",
      "electron-updater": "^2.15.0"
    },
    "build": {
      "appId": "com.github.HowardCsie.electronupdaterexample",
      "mac": {
        "category": "your.app.category.type",
        "target": [
          "zip",
          "dmg"
        ]
      },
      "publish": [{
        "provider": "github",
        "owner": "HowardCsie",
        "repo": "electron-updater-example"
      }],
    }
  }

yarn manifest: 
  No manifest

Lockfile: 
  No lockfile

Trace: 
  SyntaxError: /Users/howard/Documents/electron-updater-example/package.json: Unexpected token } in JSON at position 714
      at JSON.parse (<anonymous>)
      at /usr/local/Cellar/yarn/1.3.2/libexec/lib/cli.js:770:59
      at Generator.next (<anonymous>)
      at step (/usr/local/Cellar/yarn/1.3.2/libexec/lib/cli.js:92:30)
      at /usr/local/Cellar/yarn/1.3.2/libexec/lib/cli.js:103:13
      at <anonymous>
